Log file open, 02/24/17 23:27:44
LogInit:Display: Running engine for game: PlatformerTemplate
LogInit:Display: Project file not found: ../../../PlatformerTemplate/PlatformerTemplate.uproject
LogInit:Display: 	Attempting to find via project info helper.
LogUProjectInfo: Found projects:
LogPlatformFile: Not using cached read wrapper
LogInit:Display: RandInit(861703653) SRandInit(861703653).
LogTaskGraph: Started task graph with 5 named threads and 8 total threads with 1 sets of task threads.
LogStats: Stats thread started at 0.690594
LogInit: Using libcurl 7.47.1
LogInit:  - built for x86_64-pc-win32
LogInit:  - supports SSL with OpenSSL/1.0.2g
LogInit:  - supports HTTP deflate (compression) using libz 1.2.8
LogInit:  - other features:
LogInit:      CURL_VERSION_SSL
LogInit:      CURL_VERSION_LIBZ
LogInit:      CURL_VERSION_IPV6
LogInit:      CURL_VERSION_ASYNCHDNS
LogInit:      CURL_VERSION_LARGEFILE
LogInit:      CURL_VERSION_IDN
LogInit:  CurlRequestOptions (configurable via config and command line):
LogInit:  - bVerifyPeer = false  - Libcurl will NOT verify peer certificate
LogInit:  - bUseHttpProxy = false  - Libcurl will NOT use HTTP proxy
LogInit:  - bDontReuseConnections = false  - Libcurl will reuse connections
LogInit:  - CertBundlePath = nullptr  - Libcurl will use whatever was configured at build time.
LogInit: Build: ++UE4+Release-4.15-CL-3299760
LogInit: Engine Version: 4.15.0-3299760+++UE4+Release-4.15
LogInit: Compatible Engine Version: 4.15.0-3299760+++UE4+Release-4.15
LogInit: Net CL: 3299760
LogDevObjectVersion: Number of dev versions registered: 14
LogDevObjectVersion:   Dev-Blueprints (B0D832E4-1F89-4F0D-ACCF-7EB736FD4AA2): 8
LogDevObjectVersion:   Dev-Build (E1C64328-A22C-4D53-A36C-8E866417BD8C): 0
LogDevObjectVersion:   Dev-Core (375EC13C-06E4-48FB-B500-84F0262A717E): 2
LogDevObjectVersion:   Dev-Editor (E4B068ED-F494-42E9-A231-DA0B2E46BB41): 14
LogDevObjectVersion:   Dev-Framework (CFFC743F-43B0-4480-9391-14DF171D2073): 22
LogDevObjectVersion:   Dev-Mobile (B02B49B5-BB20-44E9-A304-32B752E40360): 0
LogDevObjectVersion:   Dev-Networking (A4E4105C-59A1-49B5-A7C5-40C4547EDFEE): 0
LogDevObjectVersion:   Dev-Online (39C831C9-5AE6-47DC-9A44-9C173E1C8E7C): 0
LogDevObjectVersion:   Dev-Physics (78F01B33-EBEA-4F98-B9B4-84EACCB95AA2): 0
LogDevObjectVersion:   Dev-Platform (6631380F-2D4D-43E0-8009-CF276956A95A): 0
LogDevObjectVersion:   Dev-Rendering (12F88B9F-8875-4AFC-A67C-D90C383ABD29): 12
LogDevObjectVersion:   Dev-Sequencer (7B5AE74C-D270-4C10-A958-57980B212A5A): 3
LogDevObjectVersion:   Dev-VR (D7296918-1DD6-4BDD-9DE2-64A83CC13884): 0
LogDevObjectVersion:   Dev-LoadTimes (C2A15278-BFE7-4AFE-6C17-90FF531DF755): 1
LogInit: Compiled (64-bit): Feb 14 2017 02:06:20
LogInit: Compiled with Visual C++: 19.00.23026.00
LogInit: Build Configuration: Development
LogInit: Branch Name: ++UE4+Release-4.15
LogInit: Command line:  
LogInit: Base directory: D:/UE4 Projects/PlatformerTemplate/PlatformerTemplate/Packages/WindowsNoEditor/Engine/Binaries/Win64/
LogInit: Installed Engine Build: 0
LogInit: Presizing for max 2097152 objects, including 0 objects not considered by GC, pre-allocating 0 bytes for permanent pool.
LogStreaming:Display: Async Loading initialized: New Async IO: true, Event Driven Loader: true, Async Loading Thread: false
LogInit: Object subsystem initialized
[2017.02.24-22.27.44:450][  0]LogInit: Selected Device Profile: [WindowsNoEditor]
[2017.02.24-22.27.44:450][  0]LogInit: Applying CVar settings loaded from the selected device profile: [WindowsNoEditor]
[2017.02.24-22.27.44:455][  0]LogInit: Computer: DESKTOP-K7JL0B7
[2017.02.24-22.27.44:455][  0]LogInit: User: pslin
[2017.02.24-22.27.44:455][  0]LogInit: CPU Page size=65536, Cores=4
[2017.02.24-22.27.44:455][  0]LogInit: High frequency timer resolution =3.320336 MHz
[2017.02.24-22.27.44:455][  0]LogMemory: Memory total: Physical=16.0GB (16GB approx)
[2017.02.24-22.27.44:455][  0]LogMemory: Platform Memory Stats for WindowsNoEditor
[2017.02.24-22.27.44:455][  0]LogMemory: Process Physical Memory: 87.94 MB used, 87.94 MB peak
[2017.02.24-22.27.44:455][  0]LogMemory: Process Virtual Memory: 102.45 MB used, 102.45 MB peak
[2017.02.24-22.27.44:455][  0]LogMemory: Physical Memory: 7035.55 MB used,  9306.10 MB free, 16341.65 MB total
[2017.02.24-22.27.44:455][  0]LogMemory: Virtual Memory: 321.79 MB used,  9306.10 MB free, 134217728.00 MB total
[2017.02.24-22.27.44:641][  0]LogTextLocalizationManager: No specific translations for ('en-GB') exist, so ('en') translations will be used.
[2017.02.24-22.27.44:706][  0]LogD3D11RHI: D3D11 adapters:
[2017.02.24-22.27.45:222][  0]LogD3D11RHI:    0. 'NVIDIA GeForce GTX 1060 6GB' (Feature Level 11_0)
[2017.02.24-22.27.45:222][  0]LogD3D11RHI:       6100/0/8170 MB DedicatedVideo/DedicatedSystem/SharedSystem, Outputs:1, VendorId:0x10de
[2017.02.24-22.27.45:224][  0]LogD3D11RHI:    1. 'Microsoft Basic Render Driver' (Feature Level 11_0)
[2017.02.24-22.27.45:224][  0]LogD3D11RHI:       0/0/8170 MB DedicatedVideo/DedicatedSystem/SharedSystem, Outputs:0, VendorId:0x1414
[2017.02.24-22.27.45:224][  0]LogD3D11RHI: Chosen D3D11 Adapter: 0
[2017.02.24-22.27.45:229][  0]LogD3D11RHI: Creating new Direct3DDevice
[2017.02.24-22.27.45:229][  0]LogD3D11RHI:     GPU DeviceId: 0x1c03 (for the marketing name, search the web for "GPU Device Id")
[2017.02.24-22.27.45:229][  0]LogWindows: EnumDisplayDevices:
[2017.02.24-22.27.45:229][  0]LogWindows:    0. 'NVIDIA GeForce GTX 1060 6GB' (P:1 D:1)
[2017.02.24-22.27.45:229][  0]LogWindows:    1. 'NVIDIA GeForce GTX 1060 6GB' (P:0 D:0)
[2017.02.24-22.27.45:230][  0]LogWindows:    2. 'NVIDIA GeForce GTX 1060 6GB' (P:0 D:0)
[2017.02.24-22.27.45:230][  0]LogWindows:    3. 'NVIDIA GeForce GTX 1060 6GB' (P:0 D:0)
[2017.02.24-22.27.45:230][  0]LogWindows: DebugString: FoundDriverCount:4 
[2017.02.24-22.27.45:230][  0]LogD3D11RHI:     Adapter Name: NVIDIA GeForce GTX 1060 6GB
[2017.02.24-22.27.45:230][  0]LogD3D11RHI:   Driver Version: 376.53 (internal:21.21.13.7653, unified:376.53)
[2017.02.24-22.27.45:230][  0]LogD3D11RHI:      Driver Date: 12-29-2016
[2017.02.24-22.27.45:230][  0]LogRHI: Texture pool is 1361 MB (70% of 1945 MB)
[2017.02.24-22.27.45:701][  0]LogD3D11RHI: Async texture creation enabled
[2017.02.24-22.27.45:743][  0]LogD3D11RHI: GPU Timing Frequency: 1000.000000 (Debug: 2 1)
[2017.02.24-22.27.45:807][  0]LogSlate: Using Freetype 2.6.0
[2017.02.24-22.27.45:808][  0]LogSlate: SlateFontCache - WITH_FREETYPE: 1, WITH_HARFBUZZ: 1
[2017.02.24-22.27.45:808][  0]LogSlate: SlateFontCache - WITH_FREETYPE: 1, WITH_HARFBUZZ: 1
[2017.02.24-22.27.45:964][  0]LogAssetRegistry: FAssetRegistry took 0.0036 seconds to start up
[2017.02.24-22.27.45:967][  0]LogPackageLocalizationCache: Processed 3 localized package path(s) for 2 prioritized culture(s) in 0.003499 seconds
[2017.02.24-22.27.45:968][  0]LogPakFile: New pak file ../../../PlatformerTemplate/Content/Paks/PlatformerTemplate-WindowsNoEditor.pak added to pak precacher.
[2017.02.24-22.27.45:973][  0]LogContentStreaming: Texture pool size is 1000.00 MB
[2017.02.24-22.27.45:973][  0]LogInit: Selected Device Profile: [WindowsNoEditor]
[2017.02.24-22.27.46:008][  0]LogBlueprintUserMessages:Warning: DEBUG: LocalNotification DefaultPlatformService NOT FOUND
[2017.02.24-22.27.46:021][  0]LogNetVersion: GetLocalNetworkVersion: CL: 3299760, ProjectName: platformertemplate, ProjectVersion: , EngineNetworkVersion: 2, GameNetworkVersion: 0, NetworkChecksum: 93884461
[2017.02.24-22.27.46:060][  0]LogInit: WinSock: version 1.1 (2.2), MaxSocks=32767, MaxUdp=65467
[2017.02.24-22.27.46:087][  0]LogMoviePlayer: Initializing movie player
[2017.02.24-22.27.46:159][  0]LogUObjectArray: 28295 objects as part of root set at end of initial load.
[2017.02.24-22.27.46:160][  0]LogUObjectAllocator: 5667248 out of 0 bytes used by permanent object pool.
[2017.02.24-22.27.46:160][  0]LogUObjectArray: CloseDisregardForGC: 0/0 objects in disregard for GC pool
[2017.02.24-22.27.46:171][  0]LogEngine: Initializing Engine...
[2017.02.24-22.27.46:171][  0]LogHMD: Failed to initialize OpenVR with code 110
[2017.02.24-22.27.46:248][  0]LogInit: XAudio2 using 'Line Out (Scarlett 2i4 USB)' : 2 channels at 44.1 kHz using 16 bits per sample (channel mask 0x3)
[2017.02.24-22.27.46:256][  0]LogInit: FAudioDevice initialized.
[2017.02.24-22.27.46:266][  0]LogInit: Texture streaming: Enabled
[2017.02.24-22.27.46:272][  0]LogInit:Display: Game Engine Initialized.
[2017.02.24-22.27.46:272][  0]LogInit:Display: Starting Game.
[2017.02.24-22.27.46:272][  0]LogNet: Browse: /Game/Map/Main?Name=Player
[2017.02.24-22.27.46:272][  0]LogLoad: LoadMap: /Game/Map/Main?Name=Player
[2017.02.24-22.27.46:285][  0]LogMemory: Platform Memory Stats for WindowsNoEditor
[2017.02.24-22.27.46:285][  0]LogMemory: Process Physical Memory: 193.47 MB used, 206.70 MB peak
[2017.02.24-22.27.46:285][  0]LogMemory: Process Virtual Memory: 267.91 MB used, 281.80 MB peak
[2017.02.24-22.27.46:285][  0]LogMemory: Physical Memory: 7132.07 MB used,  9209.57 MB free, 16341.65 MB total
[2017.02.24-22.27.46:285][  0]LogMemory: Virtual Memory: 634.03 MB used,  9209.57 MB free, 134217728.00 MB total
[2017.02.24-22.27.46:285][  0]LogMemory: 
[2017.02.24-22.27.46:285][  0]Allocator Stats for binned2: (not implemented)
[2017.02.24-22.27.46:305][  0]LogAIModule: Creating AISystem for world Main
[2017.02.24-22.27.46:320][  0]LogLoad: Game class is 'GameControllerBP_C'
[2017.02.24-22.27.46:323][  0]LogWorld: Bringing World /Game/Map/Main.Main up for play (max tick rate 0) at 2017.02.24-23.27.46
[2017.02.24-22.27.46:323][  0]LogWorld: Bringing up level for play took: 0.001625
[2017.02.24-22.27.46:325][  0]LogLoad: Took 0.052985 seconds to LoadMap(/Game/Map/Main)
[2017.02.24-22.27.46:357][  0]LogLoad: (Engine Initialization) Total time: 2.89 seconds
[2017.02.24-22.27.46:357][  0]LogExternalProfiler: No external profilers were discovered.  External profiling features will not be available.
[2017.02.24-22.27.46:373][  0]LogOcInput: OculusInput pre-init called
[2017.02.24-22.27.46:423][  2]LogRenderer: Reallocating scene render targets to support 1600x900 NumSamples 1 (Frame:2).
[2017.02.24-22.28.26:983][507]LogSlate: Request Window 'PlatformerTemplate (64-bit, PCD3D_SM5)' being destroyed
[2017.02.24-22.28.27:010][507]LogSlate: Window 'PlatformerTemplate (64-bit, PCD3D_SM5)' being destroyed
[2017.02.24-22.28.27:010][507]LogWindowsTextInputMethodSystem:Display: IME system now deactivated.
[2017.02.24-22.28.27:015][507]LogSlate: HittestGrid destroyed
[2017.02.24-22.28.27:015][507]LogEngine: All Windows Closed
[2017.02.24-22.28.27:015][507]LogWindows: FPlatformMisc::RequestExit(0)
[2017.02.24-22.28.27:016][508]LogMoviePlayer: Shutting down movie player
[2017.02.24-22.28.27:248][508]LogExit: Preparing to exit.
[2017.02.24-22.28.27:335][508]LogExit: Game engine shut down
[2017.02.24-22.28.27:364][508]LogObj: Freed 176b from 1 cluster array pools.
[2017.02.24-22.28.27:364][508]LogExit: Object subsystem successfully closed.
[2017.02.24-22.28.27:427][508]LogD3D11RHI: Shutdown
[2017.02.24-22.28.27:427][508]LogD3D11RHI: CleanupD3DDevice
[2017.02.24-22.28.27:754][508]LogD3D11RHI: ~FD3D11DynamicRHI
[2017.02.24-22.28.27:754][508]LogModuleManager: Shutting down and abandoning module AutomationController (142)
[2017.02.24-22.28.27:754][508]LogModuleManager: Shutting down and abandoning module AutomationWorker (140)
[2017.02.24-22.28.27:754][508]LogModuleManager: Shutting down and abandoning module AIModule (138)
[2017.02.24-22.28.27:754][508]LogModuleManager: Shutting down and abandoning module GameplayDebugger (137)
[2017.02.24-22.28.27:754][508]LogModuleManager: Shutting down and abandoning module WmfMediaFactory (134)
[2017.02.24-22.28.27:754][508]LogModuleManager: Shutting down and abandoning module MfMediaFactory (132)
[2017.02.24-22.28.27:754][508]LogModuleManager: Shutting down and abandoning module AvfMediaFactory (130)
[2017.02.24-22.28.27:754][508]LogModuleManager: Shutting down and abandoning module AndroidMediaFactory (128)
[2017.02.24-22.28.27:754][508]LogModuleManager: Shutting down and abandoning module Media (127)
[2017.02.24-22.28.27:754][508]LogModuleManager: Shutting down and abandoning module CharacterAI (124)
[2017.02.24-22.28.27:754][508]LogModuleManager: Shutting down and abandoning module SessionServices (122)
[2017.02.24-22.28.27:754][508]LogModuleManager: Shutting down and abandoning module GeometryCache (120)
[2017.02.24-22.28.27:754][508]LogModuleManager: Shutting down and abandoning module Niagara (118)
[2017.02.24-22.28.27:754][508]LogModuleManager: Shutting down and abandoning module StreamingPauseRendering (116)
[2017.02.24-22.28.27:754][508]LogModuleManager: Shutting down and abandoning module AnalyticsET (114)
[2017.02.24-22.28.27:754][508]LogModuleManager: Shutting down and abandoning module ProfilerService (112)
[2017.02.24-22.28.27:975][508]LogModuleManager: Shutting down and abandoning module TaskGraph (110)
[2017.02.24-22.28.27:975][508]LogModuleManager: Shutting down and abandoning module SteamVRController (108)
[2017.02.24-22.28.27:975][508]LogModuleManager: Shutting down and abandoning module SteamVR (106)
[2017.02.24-22.28.27:975][508]LogModuleManager: Shutting down and abandoning module ProceduralMeshComponent (104)
[2017.02.24-22.28.27:975][508]LogModuleManager: Shutting down and abandoning module OculusLibrary (102)
[2017.02.24-22.28.27:975][508]LogModuleManager: Shutting down and abandoning module OculusInput (100)
[2017.02.24-22.28.27:975][508]LogModuleManager: Shutting down and abandoning module MobilePatchingUtils (98)
[2017.02.24-22.28.27:975][508]LogModuleManager: Shutting down and abandoning module CustomMeshComponent (96)
[2017.02.24-22.28.27:975][508]LogModuleManager: Shutting down and abandoning module CableComponent (94)
[2017.02.24-22.28.27:975][508]LogModuleManager: Shutting down and abandoning module ArchVisCharacter (92)
[2017.02.24-22.28.27:975][508]LogModuleManager: Shutting down and abandoning module HTML5Networking (88)
[2017.02.24-22.28.27:975][508]LogModuleManager: Shutting down and abandoning module PhysXVehicles (86)
[2017.02.24-22.28.27:975][508]LogModuleManager: Shutting down and abandoning module LocationServicesBPLibrary (84)
[2017.02.24-22.28.27:975][508]LogModuleManager: Shutting down and abandoning module UdpMessaging (82)
[2017.02.24-22.28.27:975][508]LogModuleManager: Shutting down and abandoning module TcpMessaging (80)
[2017.02.24-22.28.27:975][508]LogModuleManager: Shutting down and abandoning module FacialAnimation (78)
[2017.02.24-22.28.27:975][508]LogModuleManager: Shutting down and abandoning module LightPropagationVolumeRuntime (76)
[2017.02.24-22.28.27:975][508]LogModuleManager: Shutting down and abandoning module Paper2D (74)
[2017.02.24-22.28.27:975][508]LogModuleManager: Shutting down and abandoning module WindowsMoviePlayer (72)
[2017.02.24-22.28.27:975][508]LogModuleManager: Shutting down and abandoning module WmfMedia (70)
[2017.02.24-22.28.27:975][508]LogModuleManager: Shutting down and abandoning module MfMedia (68)
[2017.02.24-22.28.27:975][508]LogModuleManager: Shutting down and abandoning module MediaAssets (66)
[2017.02.24-22.28.27:975][508]LogModuleManager: Shutting down and abandoning module GameLiveStreaming (64)
[2017.02.24-22.28.27:975][508]LogModuleManager: Shutting down and abandoning module UMG (62)
[2017.02.24-22.28.27:975][508]LogModuleManager: Shutting down and abandoning module SlateReflector (60)
[2017.02.24-22.28.27:975][508]LogModuleManager: Shutting down and abandoning module Slate (58)
[2017.02.24-22.28.27:975][508]LogModuleManager: Shutting down and abandoning module Messaging (56)
[2017.02.24-22.28.27:975][508]LogModuleManager: Shutting down and abandoning module HeadMountedDisplay (54)
[2017.02.24-22.28.27:975][508]LogModuleManager: Shutting down and abandoning module XAudio2 (52)
[2017.02.24-22.28.27:975][508]LogModuleManager: Shutting down and abandoning module Networking (50)
[2017.02.24-22.28.27:975][508]LogModuleManager: Shutting down and abandoning module Core (46)
[2017.02.24-22.28.27:975][508]LogModuleManager: Shutting down and abandoning module AssetRegistry (44)
[2017.02.24-22.28.27:976][508]LogModuleManager: Shutting down and abandoning module ImageWrapper (42)
[2017.02.24-22.28.27:976][508]LogModuleManager: Shutting down and abandoning module InputCore (40)
[2017.02.24-22.28.27:976][508]LogModuleManager: Shutting down and abandoning module OculusRift (38)
[2017.02.24-22.28.27:976][508]LogModuleManager: Shutting down and abandoning module ExampleDeviceProfileSelector (36)
[2017.02.24-22.28.27:976][508]LogModuleManager: Shutting down and abandoning module OnlineSubsystem (32)
[2017.02.24-22.28.27:976][508]LogOnline:Display: Unloading online subsystem: NULL
[2017.02.24-22.28.27:976][508]LogModuleManager: Shutting down and abandoning module HTTP (31)
[2017.02.24-22.28.27:976][508]LogHttp:Display: Http module shutting down, but needs to wait on 1 outstanding Http requests:
[2017.02.24-22.28.27:976][508]LogHttp:Display: 	verb=[POST] url=[https://datarouter.ol.epicgames.com/datarouter/api/v1/public/data?SessionID=%7BFF0AC340-4275-B872-9393-15B3E215D685%7D&AppID=UEGame.Rocket.Release%7C7AEB0B484AE2ED908A3533B55C4B8DCE%7CUE4Game&AppVersion=4.15.0-3299760%2B%2B%2BUE4%2BRelease-4.15&UserID=ANON-%7BFD770BBE-4A38-4348-8C81-6ABFA645F095%7D%7C%7C&AppEnvironment=datacollector-binary&UploadType=eteventstream] status=Processing
[2017.02.24-22.28.27:976][508]LogHttp:Display: Sleeping 0.5s to wait for 1 outstanding Http requests.
[2017.02.24-22.28.28:476][508]LogHttp:Display: Sleeping 0.5s to wait for 1 outstanding Http requests.
[2017.02.24-22.28.29:008][508]LogModuleManager: Shutting down and abandoning module SSL (30)
[2017.02.24-22.28.29:008][508]LogModuleManager: Shutting down and abandoning module ShaderCore (26)
[2017.02.24-22.28.29:008][508]LogModuleManager: Shutting down and abandoning module Landscape (24)
[2017.02.24-22.28.29:008][508]LogModuleManager: Shutting down and abandoning module SlateRHIRenderer (22)
[2017.02.24-22.28.29:008][508]LogModuleManager: Shutting down and abandoning module OpenGLDrv (20)
[2017.02.24-22.28.29:008][508]LogModuleManager: Shutting down and abandoning module D3D11RHI (18)
[2017.02.24-22.28.29:008][508]LogModuleManager: Shutting down and abandoning module AnimGraphRuntime (16)
[2017.02.24-22.28.29:008][508]LogModuleManager: Shutting down and abandoning module Renderer (14)
[2017.02.24-22.28.29:008][508]LogModuleManager: Shutting down and abandoning module Engine (12)
[2017.02.24-22.28.29:008][508]LogModuleManager: Shutting down and abandoning module CoreUObject (10)
[2017.02.24-22.28.29:008][508]LogModuleManager: Shutting down and abandoning module NetworkFile (8)
[2017.02.24-22.28.29:008][508]LogModuleManager: Shutting down and abandoning module StreamingFile (6)
[2017.02.24-22.28.29:008][508]LogModuleManager: Shutting down and abandoning module SandboxFile (4)
[2017.02.24-22.28.29:008][508]LogModuleManager: Shutting down and abandoning module PakFile (2)
[2017.02.24-22.28.29:009][508]LogExit: Exiting.
[2017.02.24-22.28.29:010][508]Log file closed, 02/24/17 23:28:29
