"../../../Engine/Content/Functions/Engine_MaterialFunctions01/Opacity/CameraDepthFade.uasset" 0
"../../../Engine/Content/EngineMaterials/T_Default_Material_Grid_M.uasset" 1
"../../../Engine/Content/EngineMaterials/T_Default_Material_Grid_N.uasset" 2
"../../../Engine/Content/EngineMaterials/DefaultMaterial.uasset" 3
"../../../Engine/Content/BasicShapes/Cone.uasset" 4
"../../../Engine/Content/EngineMaterials/WorldGridMaterial.uasset" 5
"../../../Engine/Content/BasicShapes/Cube.uasset" 6
"../../../Engine/Content/BasicShapes/Cylinder.uasset" 7
"../../../Engine/Content/BasicShapes/Plane.uasset" 8
"../../../Engine/Content/BasicShapes/Sphere.uasset" 9
"../../../Engine/Content/EditorLandscapeResources/DataLayer.uasset" 10
"../../../Engine/Content/EditorMaterials/GizmoMaterial.uasset" 11
"../../../Engine/Content/EditorMaterials/MAT_Groups_Toggle.uasset" 12
"../../../Engine/Content/EditorMaterials/MAT_Groups_Visibility.uasset" 13
"../../../Engine/Content/EditorMaterials/PreviewShadowIndicator.uasset" 14
"../../../Engine/Content/EditorMaterials/PreviewShadowIndicatorMaterial.uasset" 15
"../../../Engine/Content/EditorMaterials/AssetViewer/EpicQuadPanorama_CC+EV1.uasset" 16
"../../../Engine/Content/EditorMaterials/MatineeGroups/MAT_ColorTrack.uasset" 17
"../../../Engine/Content/EditorMaterials/MatineeGroups/MAT_Groups_Anim.uasset" 18
"../../../Engine/Content/EditorMaterials/MatineeGroups/MAT_Groups_AudioMaster.uasset" 19
"../../../Engine/Content/EditorMaterials/MatineeGroups/MAT_Groups_Director.uasset" 20
"../../../Engine/Content/EditorMaterials/MatineeGroups/MAT_Groups_Event.uasset" 21
"../../../Engine/Content/EditorMaterials/MatineeGroups/MAT_Groups_Fade.uasset" 22
"../../../Engine/Content/EditorMaterials/MatineeGroups/MAT_Groups_Float.uasset" 23
"../../../Engine/Content/EditorMaterials/MatineeGroups/MAT_Groups_Move.uasset" 24
"../../../Engine/Content/EditorMaterials/MatineeGroups/MAT_Groups_Slomo.uasset" 25
"../../../Engine/Content/EditorMaterials/MatineeGroups/MAT_Groups_Sound.uasset" 26
"../../../Engine/Content/EditorMaterials/MatineeGroups/MAT_Groups_Vector.uasset" 27
"../../../Engine/Content/EditorMaterials/ParticleSystems/PSysThumbnail_NoImage.uasset" 28
"../../../Engine/Content/EditorMaterials/ParticleSystems/PSysThumbnail_OOD.uasset" 29
"../../../Engine/Content/EditorMaterials/Camera/CineMat.uasset" 30
"../../../Engine/Content/EditorMaterials/Camera/MI_CineMat_Rig.uasset" 31
"../../../Engine/Content/EditorMeshes/Camera/SM_CraneRig_Arm.uasset" 32
"../../../Engine/Content/EditorMeshes/Camera/SM_CraneRig_Base.uasset" 33
"../../../Engine/Content/EditorMeshes/Camera/SM_CraneRig_Body.uasset" 34
"../../../Engine/Content/EditorMeshes/Camera/SM_CraneRig_Mount.uasset" 35
"../../../Engine/Content/EditorMeshes/Camera/SM_RailRig_Mount.uasset" 36
"../../../Engine/Content/EditorMeshes/Camera/SM_RailRig_Track.uasset" 37
"../../../Engine/Content/EditorMeshes/ColorCalibrator/M_ChromeBall.uasset" 38
"../../../Engine/Content/EditorMeshes/ColorCalibrator/M_ClearCoat.uasset" 39
"../../../Engine/Content/EditorMeshes/ColorCalibrator/M_ClearCoatBlack.uasset" 40
"../../../Engine/Content/EditorMeshes/ColorCalibrator/T_ColorGrid.uasset" 41
"../../../Engine/Content/EditorMeshes/ColorCalibrator/M_ColorGrid.uasset" 42
"../../../Engine/Content/EditorMeshes/ColorCalibrator/M_GreyBall.uasset" 43
"../../../Engine/Content/EditorMeshes/ColorCalibrator/SM_ColorCalibrator.uasset" 44
"../../../Engine/Content/EditorResources/BSPVertex.uasset" 45
"../../../Engine/Content/EditorResources/RGBTable16x1_AssetViewer.uasset" 46
"../../../Engine/Content/EditorResources/S_Actor.uasset" 47
"../../../Engine/Content/EditorResources/S_Trigger.uasset" 48
"../../../Engine/Content/EditorResources/SequenceRecorder/Countdown.uasset" 49
"../../../Engine/Content/EditorResources/SequenceRecorder/RecordingIndicator.uasset" 50
"../../../Engine/Content/EditorSounds/Notifications/CompileFailed.uasset" 51
"../../../Engine/Content/EditorSounds/Notifications/CompileFailed_Cue.uasset" 52
"../../../Engine/Content/EditorSounds/Notifications/CompileSuccess.uasset" 53
"../../../Engine/Content/EditorSounds/Notifications/CompileStart_Cue.uasset" 54
"../../../Engine/Content/EditorSounds/Notifications/CompileSuccess_Cue.uasset" 55
"../../../Engine/Content/EngineDamageTypes/DmgTypeBP_Environmental.uasset" 56
"../../../Engine/Content/EngineDebugMaterials/HeatmapGradient.uasset" 57
"../../../Engine/Content/EngineDebugMaterials/BoneWeightMaterial.uasset" 58
"../../../Engine/Content/EngineDebugMaterials/DebugMeshMaterial.uasset" 59
"../../../Engine/Content/EngineDebugMaterials/GeomMaterial.uasset" 60
"../../../Engine/Content/EngineFonts/Faces/RobotoBold.uasset" 61
"../../../Engine/Content/EngineFonts/Faces/RobotoBoldItalic.uasset" 62
"../../../Engine/Content/EngineFonts/Faces/RobotoItalic.uasset" 63
"../../../Engine/Content/EngineFonts/Faces/RobotoLight.uasset" 64
"../../../Engine/Content/EngineFonts/Faces/RobotoRegular.uasset" 65
"../../../Engine/Content/EngineFonts/Roboto.uasset" 66
"../../../Engine/Content/EngineFonts/Faces/RobotoTiny.uasset" 67
"../../../Engine/Content/EngineFonts/RobotoTiny.uasset" 68
"../../../Engine/Content/EngineMaterials/DefaultBokeh.uasset" 69
"../../../Engine/Content/EngineMaterials/DefaultDiffuse.uasset" 70
"../../../Engine/Content/EngineMaterials/DefaultDeferredDecalMaterial.uasset" 71
"../../../Engine/Content/EngineMaterials/DefaultLightFunctionMaterial.uasset" 72
"../../../Engine/Content/EngineMaterials/DefaultPhysicalMaterial.uasset" 73
"../../../Engine/Content/Functions/Engine_MaterialFunctions02/Utility/BreakOutFloat2Components.uasset" 74
"../../../Engine/Content/EngineMaterials/DefaultPostProcessMaterial.uasset" 75
"../../../Engine/Content/EngineFonts/RobotoDistanceField.uasset" 76
"../../../Engine/Content/EngineMaterials/DefaultTextMaterialOpaque.uasset" 77
"../../../Engine/Content/EngineMaterials/DefaultWhiteGrid.uasset" 78
"../../../Engine/Content/EngineMaterials/EditorBrushMaterial.uasset" 79
"../../../Engine/Content/EngineMaterials/Good64x64TilingNoiseHighFreq.uasset" 80
"../../../Engine/Content/EngineMaterials/MiniFont.uasset" 81
"../../../Engine/Content/EngineMaterials/InvalidLightmapSettings.uasset" 82
"../../../Engine/Content/EngineMaterials/M_InvalidLightmapSettings.uasset" 83
"../../../Engine/Content/EngineMaterials/PhAT_JointLimitMaterial.uasset" 84
"../../../Engine/Content/EngineMaterials/PreintegratedSkinBRDF.uasset" 85
"../../../Engine/Content/EngineMaterials/RemoveSurfaceMaterial.uasset" 86
"../../../Engine/Content/EngineMaterials/WeightMapPlaceholderTexture.uasset" 87
"../../../Engine/Content/EngineResources/WhiteSquareTexture.uasset" 88
"../../../Engine/Content/EngineMaterials/Widget3DPassThrough.uasset" 89
"../../../Engine/Content/EngineMaterials/Widget3DPassThrough_Masked.uasset" 90
"../../../Engine/Content/EngineMaterials/Widget3DPassThrough_Opaque.uasset" 91
"../../../Engine/Content/EngineMaterials/Widget3DPassThrough_Masked_OneSided.uasset" 92
"../../../Engine/Content/EngineMaterials/Widget3DPassThrough_Opaque_OneSided.uasset" 93
"../../../Engine/Content/EngineMaterials/Widget3DPassThrough_Translucent.uasset" 94
"../../../Engine/Content/EngineMaterials/Widget3DPassThrough_Translucent_OneSided.uasset" 95
"../../../Engine/Content/EngineMeshes/Cube.uasset" 96
"../../../Engine/Content/EngineMeshes/Cylinder.uasset" 97
"../../../Engine/Content/EngineMeshes/Sphere.uasset" 98
"../../../Engine/Content/EngineResources/Black.uasset" 99
"../../../Engine/Content/EngineResources/DefaultTexture.uasset" 100
"../../../Engine/Content/EngineResources/DefaultTextureCube.uasset" 101
"../../../Engine/Content/EngineResources/GradientTexture0.uasset" 102
"../../../Engine/Content/EngineSounds/Master.uasset" 103
"../../../Engine/Content/Functions/Engine_MaterialFunctions01/Shading/ConvertFromDiffSpec.uasset" 104
"../../../Engine/Content/Functions/Engine_MaterialFunctions01/Shading/PowerToRoughness.uasset" 105
"../../../Engine/Content/Maps/Templates/Thumbnails/Default.uasset" 106
"../../../Engine/Content/Maps/Templates/Thumbnails/VR-Basic.uasset" 107
"../../../Engine/Content/MobileResources/T_MobileControls_texture.uasset" 108
"../../../Engine/Content/MobileResources/T_MobileMenu2.uasset" 109
"../../../Engine/Content/MobileResources/HUD/AnalogHat.uasset" 110
"../../../Engine/Content/MobileResources/HUD/VirtualJoystick_Background.uasset" 111
"../../../Engine/Content/MobileResources/HUD/VirtualJoystick_Thumb.uasset" 112
"../../../Engine/Content/MobileResources/HUD/DefaultVirtualJoysticks.uasset" 113
"../../../Engine/Content/MobileResources/HUD/LeftVirtualJoystickOnly.uasset" 114
"../../../Engine/Content/MobileResources/HUD/MobileHUDButton1_off.uasset" 115
"../../../Engine/Content/MobileResources/HUD/MobileHUDButton1_on.uasset" 116
"../../../Engine/Content/MobileResources/HUD/MobileHUDButton2_off.uasset" 117
"../../../Engine/Content/MobileResources/HUD/MobileHUDButton2_on.uasset" 118
"../../../Engine/Content/MobileResources/HUD/MobileHUDButton3.uasset" 119
"../../../Engine/Content/MobileResources/HUD/MobileHUDButtonFire.uasset" 120
"../../../Engine/Content/MobileResources/HUD/MobileHUDDirectionPad.uasset" 121
"../../../Engine/Content/MobileResources/HUD/MobileHUDDirectionPad2.uasset" 122
"../../../Engine/Content/MobileResources/HUD/MobileHUDDirectionPad3.uasset" 123
"../../../Engine/Content/MobileResources/HUD/MobileHUDDirectionStick.uasset" 124
"../../../Engine/Content/MobileResources/HUD/T_Castle_ThumbstickInner.uasset" 125
"../../../Engine/Content/MobileResources/HUD/T_Castle_ThumbstickOutter.uasset" 126
"../../../Engine/Content/Tutorial/ContentIntroCurve.uasset" 127
"../../../Engine/Content/Tutorial/Basics/TutorialAssets/icon_tab_Levels_40x.uasset" 128
"../../../Engine/Content/Tutorial/BlueprintTutorials/TutorialAssets/BlueprintInterface_64x.uasset" 129
"../../../Engine/Content/Tutorial/BlueprintTutorials/TutorialAssets/BlueprintMacroLibrary_64x.uasset" 130
"../../../Engine/Content/Tutorial/BlueprintTutorials/TutorialAssets/Blueprint_64x.uasset" 131
"../../../Engine/Content/Tutorial/BlueprintTutorials/TutorialAssets/Tutorial_BP_Interface.uasset" 132
"../../../Engine/Content/Tutorial/Foliage/TutorialAssets/Foliage.uasset" 133
"../../../Engine/Content/Tutorial/Landscape/TutorialAssets/Landscape.uasset" 134
"../../../Engine/Content/Tutorial/Paper2D/TutorialAssets/Paper2DFlipbook_TutorialIcon.uasset" 135
"../../../Engine/Content/Tutorial/Paper2D/TutorialAssets/Paper2DSprite_TutorialIcon.uasset" 136
"../../../Engine/Content/Tutorial/SubEditors/TutorialAssets/icon_Editor_Preferences_General_40x.uasset" 137
"../../../Engine/Content/Tutorial/SubEditors/TutorialAssets/icon_ShowSkeletalMeshes_40x.uasset" 138
"../../../Engine/Content/Tutorial/SubEditors/TutorialAssets/TutorialMaterial.uasset" 139
"../../../Engine/Content/Tutorial/SubEditors/TutorialAssets/T_SmokeSubUV_8X8.uasset" 140
"../../../Engine/Content/Tutorial/SubEditors/TutorialAssets/T_soft_smoke.uasset" 141
"../../../Engine/Content/Tutorial/SubEditors/TutorialAssets/M_smoke_subUV_blackbody.uasset" 142
"../../../Engine/Content/Tutorial/SubEditors/TutorialAssets/TutorialParticleSystem.uasset" 143
"../../../Engine/Content/EditorMeshes/EditorCube.uasset" 144
"../../../Engine/Content/Tutorial/SubEditors/TutorialAssets/Tutorial_DM.uasset" 145
"../../../Engine/Content/VREditor/Devices/Generic/GenericHMDMaterial.uasset" 146
"../../../Engine/Content/VREditor/Devices/Generic/GenericHMD.uasset" 147
"../../../Engine/Content/VREditor/FloatingText/LineMaterial.uasset" 148
"../../../Engine/Content/VREditor/FloatingText/JointSphere.uasset" 149
"../../../Engine/Content/VREditor/FloatingText/LineSegmentCylinder.uasset" 150
"../../../Engine/Content/VREditor/Fonts/VRText_RobotoLarge.uasset" 151
"../../../Engine/Content/VREditor/Fonts/VRTextMaterial.uasset" 152
"../../../Engine/Content/VREditor/Fonts/TranslucentVRTextMaterial.uasset" 153
"../../../Engine/Content/VREditor/LaserPointer/VR_LaserPower_01.uasset" 154
"../../../Engine/Content/VREditor/LaserPointer/LaserPointerMaterial.uasset" 155
"../../../Engine/Content/VREditor/LaserPointer/LaserPointerMaterialInst.uasset" 156
"../../../Engine/Content/VREditor/LaserPointer/TranslucentLaserPointerMaterialInst.uasset" 157
"../../../Engine/Content/VREditor/LaserPointer/LaserPointerMesh.uasset" 158
"../../../Engine/Content/VREditor/Sounds/VR_grab_Cue.uasset" 159
"../../../Engine/Content/VREditor/Sounds/VR_teleport_Cue.uasset" 160
"../../../Engine/Content/VREditor/TransformGizmo/TransformGizmoMaterial.uasset" 161
"../../../Engine/Content/VREditor/TransformGizmo/TranslucentTransformGizmoMaterial.uasset" 162
"../../../Engine/Content/VREditor/TransformGizmo/BoundingBoxCorner.uasset" 163
"../../../Engine/Content/VREditor/TransformGizmo/BoundingBoxEdge.uasset" 164
"../../../Engine/Content/VREditor/TransformGizmo/PlaneTranslationHandle.uasset" 165
"../../../Engine/Content/VREditor/TransformGizmo/RotationHandle.uasset" 166
"../../../Engine/Content/VREditor/TransformGizmo/RotationHandleFull.uasset" 167
"../../../Engine/Content/VREditor/TransformGizmo/StretchingHandle.uasset" 168
"../../../Engine/Content/VREditor/TransformGizmo/TranslateHandleLong.uasset" 169
"../../../Engine/Content/VREditor/TransformGizmo/TranslationHandle.uasset" 170
"../../../Engine/Content/VREditor/TransformGizmo/UniformScaleHandle.uasset" 171
"../../../Engine/Content/VREditor/UI/CloseButtonMesh.uasset" 172
"../../../Engine/Content/VREditor/UI/SelectionBarMesh.uasset" 173
"../../../Engine/Content/Functions/Engine_MaterialFunctions01/Gradient/RadialGradient.uasset" 174
"../../../Engine/Content/VREditor/WorldMovementGrid/SimpleGrid.uasset" 175
"../../../Engine/Content/VREditor/WorldMovementGrid/GridMaterial.uasset" 176
"../../../Engine/Content/Functions/Engine_MaterialFunctions01/Density/ExponentialDensity.uasset" 177
"../../../Engine/Content/VREditor/WorldMovementGrid/GridPostProcess.uasset" 178
"../../../Engine/Content/EditorLandscapeResources/FlattenHeightMat.uasset" 179
"../../../Engine/Content/VREditor/WorldMovementGrid/PlaneMesh.uasset" 180
"../../../PlatformerTemplate/Content/Art/Textures/skeleton_flame.uasset" 181
"../../../PlatformerTemplate/Content/Art/Sprites/skeleton_flame_Skel_15.uasset" 182
"../../../PlatformerTemplate/Content/Art/Sprites/skeleton_flame_Skel_16.uasset" 183
"../../../PlatformerTemplate/Content/Art/Flipbooks/idle.uasset" 184
"../../../PlatformerTemplate/Content/Art/Sprites/skeleton_flame_Skel_14.uasset" 185
"../../../PlatformerTemplate/Content/Art/Flipbooks/Jump.uasset" 186
"../../../PlatformerTemplate/Content/Art/Sprites/skeleton_flame_Skel_10.uasset" 187
"../../../PlatformerTemplate/Content/Art/Sprites/skeleton_flame_Skel_11.uasset" 188
"../../../PlatformerTemplate/Content/Art/Flipbooks/walk.uasset" 189
"../../../PlatformerTemplate/Content/Art/Textures/Dust.uasset" 190
"../../../PlatformerTemplate/Content/Art/Sprites/Dust_Sprite.uasset" 191
"../../../PlatformerTemplate/Content/Art/Textures/Player.uasset" 192
"../../../PlatformerTemplate/Content/Art/Sprites/Player_Sprite.uasset" 193
"../../../PlatformerTemplate/Content/Art/Sprites/skeleton_flame_Skel_0.uasset" 194
"../../../PlatformerTemplate/Content/Art/Sprites/skeleton_flame_Skel_1.uasset" 195
"../../../PlatformerTemplate/Content/Art/Sprites/skeleton_flame_Skel_12.uasset" 196
"../../../PlatformerTemplate/Content/Art/Sprites/skeleton_flame_Skel_13.uasset" 197
"../../../PlatformerTemplate/Content/Art/Sprites/skeleton_flame_Skel_17.uasset" 198
"../../../PlatformerTemplate/Content/Art/Sprites/skeleton_flame_Skel_2.uasset" 199
"../../../PlatformerTemplate/Content/Art/Sprites/skeleton_flame_Skel_3.uasset" 200
"../../../PlatformerTemplate/Content/Art/Sprites/skeleton_flame_Skel_4.uasset" 201
"../../../PlatformerTemplate/Content/Art/Sprites/skeleton_flame_Skel_5.uasset" 202
"../../../PlatformerTemplate/Content/Art/Sprites/skeleton_flame_Skel_6.uasset" 203
"../../../PlatformerTemplate/Content/Art/Sprites/skeleton_flame_Skel_7.uasset" 204
"../../../PlatformerTemplate/Content/Art/Sprites/skeleton_flame_Skel_8.uasset" 205
"../../../PlatformerTemplate/Content/Art/Sprites/skeleton_flame_Skel_9.uasset" 206
"../../../Engine/Plugins/2D/Paper2D/Content/DefaultSpriteMaterial.uasset" 207
"../../../Engine/Plugins/2D/Paper2D/Content/TranslucentUnlitSpriteMaterial.uasset" 208
"../../../PlatformerTemplate/Content/Art/Textures/cqR5KAM.uasset" 209
"../../../PlatformerTemplate/Content/Art/Sprites/Hero/cqR5KAM_Hero101.uasset" 210
"../../../PlatformerTemplate/Content/Art/Sprites/Hero/cqR5KAM_Hero102.uasset" 211
"../../../PlatformerTemplate/Content/Art/Sprites/Hero/cqR5KAM_Hero103.uasset" 212
"../../../PlatformerTemplate/Content/Art/Sprites/Hero/cqR5KAM_Hero108.uasset" 213
"../../../PlatformerTemplate/Content/Art/Sprites/Hero/cqR5KAM_Hero109.uasset" 214
"../../../PlatformerTemplate/Content/Art/Sprites/Hero/cqR5KAM_Hero110.uasset" 215
"../../../PlatformerTemplate/Content/Art/Sprites/Hero/cqR5KAM_Hero120.uasset" 216
"../../../PlatformerTemplate/Content/Art/Sprites/Hero/cqR5KAM_Hero121.uasset" 217
"../../../PlatformerTemplate/Content/Art/Sprites/Hero/cqR5KAM_Hero122.uasset" 218
"../../../PlatformerTemplate/Content/Art/Sprites/Hero/cqR5KAM_Hero123.uasset" 219
"../../../PlatformerTemplate/Content/Art/Sprites/Hero/cqR5KAM_Hero124.uasset" 220
"../../../PlatformerTemplate/Content/Art/Sprites/Hero/cqR5KAM_Hero125.uasset" 221
"../../../PlatformerTemplate/Content/Art/Sprites/Hero/cqR5KAM_Hero126.uasset" 222
"../../../PlatformerTemplate/Content/Art/Sprites/Hero/cqR5KAM_Hero127.uasset" 223
"../../../PlatformerTemplate/Content/Art/Sprites/Hero/cqR5KAM_Hero128.uasset" 224
"../../../PlatformerTemplate/Content/Art/Sprites/Hero/cqR5KAM_Hero129.uasset" 225
"../../../PlatformerTemplate/Content/Art/Sprites/Hero/cqR5KAM_Hero13.uasset" 226
"../../../PlatformerTemplate/Content/Art/Sprites/Hero/cqR5KAM_Hero130.uasset" 227
"../../../PlatformerTemplate/Content/Art/Sprites/Hero/cqR5KAM_Hero131.uasset" 228
"../../../PlatformerTemplate/Content/Art/Sprites/Hero/cqR5KAM_Hero132.uasset" 229
"../../../PlatformerTemplate/Content/Art/Sprites/Hero/cqR5KAM_Hero133.uasset" 230
"../../../PlatformerTemplate/Content/Art/Sprites/Hero/cqR5KAM_Hero134.uasset" 231
"../../../PlatformerTemplate/Content/Art/Sprites/Hero/cqR5KAM_Hero135.uasset" 232
"../../../PlatformerTemplate/Content/Art/Sprites/Hero/cqR5KAM_Hero136.uasset" 233
"../../../PlatformerTemplate/Content/Art/Sprites/Hero/cqR5KAM_Hero137.uasset" 234
"../../../PlatformerTemplate/Content/Art/Sprites/Hero/cqR5KAM_Hero138.uasset" 235
"../../../PlatformerTemplate/Content/Art/Sprites/Hero/cqR5KAM_Hero142.uasset" 236
"../../../PlatformerTemplate/Content/Art/Sprites/Hero/cqR5KAM_Hero143.uasset" 237
"../../../PlatformerTemplate/Content/Art/Sprites/Hero/cqR5KAM_Hero16.uasset" 238
"../../../PlatformerTemplate/Content/Art/Sprites/Hero/cqR5KAM_Hero24.uasset" 239
"../../../PlatformerTemplate/Content/Art/Sprites/Hero/cqR5KAM_Hero25.uasset" 240
"../../../PlatformerTemplate/Content/Art/Sprites/Hero/cqR5KAM_Hero26.uasset" 241
"../../../PlatformerTemplate/Content/Art/Sprites/Hero/cqR5KAM_Hero27.uasset" 242
"../../../PlatformerTemplate/Content/Art/Sprites/Hero/cqR5KAM_Hero28.uasset" 243
"../../../PlatformerTemplate/Content/Art/Sprites/Hero/cqR5KAM_Hero29.uasset" 244
"../../../PlatformerTemplate/Content/Art/Sprites/Hero/cqR5KAM_Hero30.uasset" 245
"../../../PlatformerTemplate/Content/Art/Sprites/Hero/cqR5KAM_Hero31.uasset" 246
"../../../PlatformerTemplate/Content/Art/Sprites/Hero/cqR5KAM_Hero32.uasset" 247
"../../../PlatformerTemplate/Content/Art/Sprites/Hero/cqR5KAM_Hero33.uasset" 248
"../../../PlatformerTemplate/Content/Art/Sprites/Hero/cqR5KAM_Hero34.uasset" 249
"../../../PlatformerTemplate/Content/Art/Sprites/Hero/cqR5KAM_Hero36.uasset" 250
"../../../PlatformerTemplate/Content/Art/Sprites/Hero/cqR5KAM_Hero37.uasset" 251
"../../../PlatformerTemplate/Content/Art/Sprites/Hero/cqR5KAM_Hero38.uasset" 252
"../../../PlatformerTemplate/Content/Art/Sprites/Hero/cqR5KAM_Hero39.uasset" 253
"../../../PlatformerTemplate/Content/Art/Sprites/Hero/cqR5KAM_Hero40.uasset" 254
"../../../PlatformerTemplate/Content/Art/Sprites/Hero/cqR5KAM_Hero41.uasset" 255
"../../../PlatformerTemplate/Content/Art/Sprites/Hero/cqR5KAM_Hero42.uasset" 256
"../../../PlatformerTemplate/Content/Art/Sprites/Hero/cqR5KAM_Hero43.uasset" 257
"../../../PlatformerTemplate/Content/Art/Sprites/Hero/cqR5KAM_Hero44.uasset" 258
"../../../PlatformerTemplate/Content/Art/Sprites/Hero/cqR5KAM_Hero45.uasset" 259
"../../../PlatformerTemplate/Content/Art/Sprites/Hero/cqR5KAM_Hero46.uasset" 260
"../../../PlatformerTemplate/Content/Art/Sprites/Hero/cqR5KAM_Hero47.uasset" 261
"../../../PlatformerTemplate/Content/Art/Sprites/Hero/cqR5KAM_Hero48.uasset" 262
"../../../PlatformerTemplate/Content/Art/Sprites/Hero/cqR5KAM_Hero49.uasset" 263
"../../../PlatformerTemplate/Content/Art/Sprites/Hero/cqR5KAM_Hero50.uasset" 264
"../../../PlatformerTemplate/Content/Art/Sprites/Hero/cqR5KAM_Hero51.uasset" 265
"../../../PlatformerTemplate/Content/Art/Sprites/Hero/cqR5KAM_Hero52.uasset" 266
"../../../PlatformerTemplate/Content/Art/Sprites/Hero/cqR5KAM_Hero53.uasset" 267
"../../../PlatformerTemplate/Content/Art/Sprites/Hero/cqR5KAM_Hero54.uasset" 268
"../../../PlatformerTemplate/Content/Art/Sprites/Hero/cqR5KAM_Hero55.uasset" 269
"../../../PlatformerTemplate/Content/Art/Sprites/Hero/cqR5KAM_Hero56.uasset" 270
"../../../PlatformerTemplate/Content/Art/Sprites/Hero/cqR5KAM_Hero57.uasset" 271
"../../../PlatformerTemplate/Content/Art/Sprites/Hero/cqR5KAM_Hero58.uasset" 272
"../../../PlatformerTemplate/Content/Art/Sprites/Hero/cqR5KAM_Hero60.uasset" 273
"../../../PlatformerTemplate/Content/Art/Sprites/Hero/cqR5KAM_Hero61.uasset" 274
"../../../PlatformerTemplate/Content/Art/Sprites/Hero/cqR5KAM_Hero62.uasset" 275
"../../../PlatformerTemplate/Content/Art/Sprites/Hero/cqR5KAM_Hero63.uasset" 276
"../../../PlatformerTemplate/Content/Art/Sprites/Hero/cqR5KAM_Hero64.uasset" 277
"../../../PlatformerTemplate/Content/Art/Sprites/Hero/cqR5KAM_Hero65.uasset" 278
"../../../PlatformerTemplate/Content/Art/Sprites/Hero/cqR5KAM_Hero66.uasset" 279
"../../../PlatformerTemplate/Content/Art/Sprites/Hero/cqR5KAM_Hero67.uasset" 280
"../../../PlatformerTemplate/Content/Art/Sprites/Hero/cqR5KAM_Hero68.uasset" 281
"../../../PlatformerTemplate/Content/Art/Sprites/Hero/cqR5KAM_Hero69.uasset" 282
"../../../PlatformerTemplate/Content/Art/Sprites/Hero/cqR5KAM_Hero70.uasset" 283
"../../../PlatformerTemplate/Content/Art/Sprites/Hero/cqR5KAM_Hero71.uasset" 284
"../../../PlatformerTemplate/Content/Art/Sprites/Hero/cqR5KAM_Hero72.uasset" 285
"../../../PlatformerTemplate/Content/Art/Sprites/Hero/cqR5KAM_Hero73.uasset" 286
"../../../PlatformerTemplate/Content/Art/Sprites/Hero/cqR5KAM_Hero74.uasset" 287
"../../../PlatformerTemplate/Content/Art/Sprites/Hero/cqR5KAM_Hero75.uasset" 288
"../../../PlatformerTemplate/Content/Art/Sprites/Hero/cqR5KAM_Hero76.uasset" 289
"../../../PlatformerTemplate/Content/Art/Sprites/Hero/cqR5KAM_Hero77.uasset" 290
"../../../PlatformerTemplate/Content/Art/Sprites/Hero/cqR5KAM_Hero78.uasset" 291
"../../../PlatformerTemplate/Content/Art/Sprites/Hero/cqR5KAM_Hero79.uasset" 292
"../../../PlatformerTemplate/Content/Art/Sprites/Hero/cqR5KAM_Hero80.uasset" 293
"../../../PlatformerTemplate/Content/Art/Sprites/Hero/cqR5KAM_Hero81.uasset" 294
"../../../PlatformerTemplate/Content/Art/Sprites/Hero/cqR5KAM_Hero82.uasset" 295
"../../../PlatformerTemplate/Content/Art/Sprites/Hero/cqR5KAM_Hero83.uasset" 296
"../../../PlatformerTemplate/Content/Art/Sprites/Hero/cqR5KAM_Hero84.uasset" 297
"../../../PlatformerTemplate/Content/Art/Sprites/Hero/cqR5KAM_Hero85.uasset" 298
"../../../PlatformerTemplate/Content/Art/Sprites/Hero/cqR5KAM_Hero86.uasset" 299
"../../../PlatformerTemplate/Content/Art/Sprites/Hero/cqR5KAM_Hero87.uasset" 300
"../../../PlatformerTemplate/Content/Art/Sprites/Hero/cqR5KAM_Hero88.uasset" 301
"../../../PlatformerTemplate/Content/Art/Sprites/Hero/cqR5KAM_Hero89.uasset" 302
"../../../PlatformerTemplate/Content/Art/Sprites/Hero/cqR5KAM_Hero90.uasset" 303
"../../../PlatformerTemplate/Content/Art/Sprites/Hero/cqR5KAM_Hero91.uasset" 304
"../../../PlatformerTemplate/Content/Art/Sprites/Hero/cqR5KAM_Hero92.uasset" 305
"../../../PlatformerTemplate/Content/Art/Sprites/Hero/cqR5KAM_Hero93.uasset" 306
"../../../Engine/Content/EditorBlueprintResources/StandardMacros.uasset" 307
"../../../PlatformerTemplate/Content/Art/Sprites/Hero/cqR5KAM_Hero14.uasset" 308
"../../../PlatformerTemplate/Content/Art/Sprites/Hero/cqR5KAM_Hero15.uasset" 309
"../../../PlatformerTemplate/Content/Art/Sprites/Hero/cqR5KAM_Hero9.uasset" 310
"../../../PlatformerTemplate/Content/Art/Flipbooks/Crouching_Idle.uasset" 311
"../../../PlatformerTemplate/Content/Art/Sprites/Hero/cqR5KAM_Hero17.uasset" 312
"../../../PlatformerTemplate/Content/Art/Sprites/Hero/cqR5KAM_Hero18.uasset" 313
"../../../PlatformerTemplate/Content/Art/Sprites/Hero/cqR5KAM_Hero19.uasset" 314
"../../../PlatformerTemplate/Content/Art/Sprites/Hero/cqR5KAM_Hero20.uasset" 315
"../../../PlatformerTemplate/Content/Art/Sprites/Hero/cqR5KAM_Hero21.uasset" 316
"../../../PlatformerTemplate/Content/Art/Sprites/Hero/cqR5KAM_Hero22.uasset" 317
"../../../PlatformerTemplate/Content/Art/Sprites/Hero/cqR5KAM_Hero23.uasset" 318
"../../../PlatformerTemplate/Content/Art/Flipbooks/Crouching_Walk.uasset" 319
"../../../PlatformerTemplate/Content/Art/Sprites/Hero/cqR5KAM_Hero116.uasset" 320
"../../../PlatformerTemplate/Content/Art/Sprites/Hero/cqR5KAM_Hero117.uasset" 321
"../../../PlatformerTemplate/Content/Art/Sprites/Hero/cqR5KAM_Hero118.uasset" 322
"../../../PlatformerTemplate/Content/Art/Sprites/Hero/cqR5KAM_Hero119.uasset" 323
"../../../PlatformerTemplate/Content/Art/Flipbooks/Falling.uasset" 324
"../../../PlatformerTemplate/Content/Art/Sprites/Hero/cqR5KAM_Hero111.uasset" 325
"../../../PlatformerTemplate/Content/Art/Sprites/Hero/cqR5KAM_Hero112.uasset" 326
"../../../PlatformerTemplate/Content/Art/Sprites/Hero/cqR5KAM_Hero113.uasset" 327
"../../../PlatformerTemplate/Content/Art/Sprites/Hero/cqR5KAM_Hero114.uasset" 328
"../../../PlatformerTemplate/Content/Art/Sprites/Hero/cqR5KAM_Hero115.uasset" 329
"../../../PlatformerTemplate/Content/Art/Sprites/Hero/cqR5KAM_Hero12.uasset" 330
"../../../PlatformerTemplate/Content/Art/Flipbooks/HeroJump.uasset" 331
"../../../PlatformerTemplate/Content/Art/Sprites/Hero/cqR5KAM_Hero1.uasset" 332
"../../../PlatformerTemplate/Content/Art/Sprites/Hero/cqR5KAM_Hero2.uasset" 333
"../../../PlatformerTemplate/Content/Art/Sprites/Hero/cqR5KAM_Hero3.uasset" 334
"../../../PlatformerTemplate/Content/Art/Sprites/Hero/cqR5KAM_Hero4.uasset" 335
"../../../PlatformerTemplate/Content/Art/Sprites/Hero/cqR5KAM_Hero5.uasset" 336
"../../../PlatformerTemplate/Content/Art/Sprites/Hero/cqR5KAM_Hero6.uasset" 337
"../../../PlatformerTemplate/Content/Art/Sprites/Hero/cqR5KAM_Hero7.uasset" 338
"../../../PlatformerTemplate/Content/Art/Sprites/Hero/cqR5KAM_Hero8.uasset" 339
"../../../PlatformerTemplate/Content/Art/Flipbooks/HeroWalk.uasset" 340
"../../../PlatformerTemplate/Content/Art/Sprites/Hero/cqR5KAM_Hero100.uasset" 341
"../../../PlatformerTemplate/Content/Art/Sprites/Hero/cqR5KAM_Hero96.uasset" 342
"../../../PlatformerTemplate/Content/Art/Sprites/Hero/cqR5KAM_Hero97.uasset" 343
"../../../PlatformerTemplate/Content/Art/Sprites/Hero/cqR5KAM_Hero98.uasset" 344
"../../../PlatformerTemplate/Content/Art/Sprites/Hero/cqR5KAM_Hero99.uasset" 345
"../../../PlatformerTemplate/Content/Art/Flipbooks/LookUp.uasset" 346
"../../../PlatformerTemplate/Content/Art/Flipbooks/LookUpStatic.uasset" 347
"../../../PlatformerTemplate/Content/Art/Materials/Dust.uasset" 348
"../../../PlatformerTemplate/Content/Art/Particles/Particle_Dust.uasset" 349
"../../../PlatformerTemplate/Content/Art/Sprites/Hero/cqR5KAM_Hero0.uasset" 350
"../../../PlatformerTemplate/Content/Art/Sprites/Hero/HerIdle.uasset" 351
"../../../PlatformerTemplate/Content/Data/AnimationState.uasset" 352
"../../../PlatformerTemplate/Content/Blueprint/PlayerBP.uasset" 353
"../../../PlatformerTemplate/Content/Blueprint/GameControllerBP.uasset" 354
"../../../Engine/Plugins/2D/Paper2D/Content/DummySprite.uasset" 355
"../../../Engine/Plugins/2D/Paper2D/Content/DefaultPaperTerrainMaterial.uasset" 356
"../../../Engine/Plugins/2D/Paper2D/Content/MaskedUnlitSpriteMaterial.uasset" 357
"../../../Engine/Plugins/2D/Paper2D/Content/OpaqueUnlitSpriteMaterial.uasset" 358
"../../../Engine/Plugins/2D/Paper2D/Content/PlaceholderTextures/DummySpriteTexture.uasset" 359
"../../../PlatformerTemplate/Content/Map/Main_BuiltData.uasset" 360
"../../../PlatformerTemplate/Content/Art/Textures/SpriteSheet_01.uasset" 361
"../../../PlatformerTemplate/Content/Art/Tileset/SpriteSheet_01_TileSet.uasset" 362
"../../../PlatformerTemplate/Content/Art/Tilemaps/SpriteSheet_01_TileMap.uasset" 363
"../../../PlatformerTemplate/Content/Map/Main.umap" 364
"../../../Engine/Content/Maps/Entry.umap" 365
